perl/perl.sh
[perl]
[perl] == perl unit test ==
[perl] [INFO] Test docker hub official image first:
[perl]
--2019-06-16 14:25:56--  http://phoronix-test-suite.com/benchmark-files/perlbench-20160525.zip
Resolving phoronix-test-suite.com (phoronix-test-suite.com)... 162.252.83.89
Connecting to phoronix-test-suite.com (phoronix-test-suite.com)|162.252.83.89|:80... connected.
HTTP request sent, awaiting response... 200 OK
Length: 795381 (777K) [application/zip]
Saving to: 'perlbench-20160525.zip'

     0K .......... .......... .......... .......... ..........  6% 47.4K 15s
    50K .......... .......... .......... .......... .......... 12% 23.1K 22s
   100K .......... .......... .......... .......... .......... 19% 18.2K 25s
   150K .......... .......... .......... .......... .......... 25% 26.3K 23s
   200K .......... .......... .......... .......... .......... 32% 19.7K 22s
   250K .......... .......... .......... .......... .......... 38% 17.0K 21s
   300K .......... .......... .......... .......... .......... 45% 23.6K 19s
   350K .......... .......... .......... .......... .......... 51% 33.8K 16s
   400K .......... .......... .......... .......... .......... 57% 59.1K 13s
   450K .......... .......... .......... .......... .......... 64% 47.2K 10s
   500K .......... .......... .......... .......... .......... 70% 47.3K 8s
   550K .......... .......... .......... .......... .......... 77% 21.5K 7s
   600K .......... .......... .......... .......... .......... 83% 19.8K 5s
   650K .......... .......... .......... .......... .......... 90% 29.5K 3s
   700K .......... .......... .......... .......... .......... 96% 25.5K 1s
   750K .......... .......... ......                          100% 16.9K=30s

2019-06-16 14:26:28 (25.9 KB/s) - 'perlbench-20160525.zip' saved [795381/795381]

Host: c9d7bd1241c3
Perl: /usr/local/bin/perl
Test-File: benchmarks/app/podhtml.b
Test-Name: Run pod2html on perlfunc
Test-Result: perlbench-results/c9d7bd1241c3/perls/385d440a4a090bc283f66a0b41fafb76/tests/20190616T142628.pb
Host: c9d7bd1241c3
Perl: /usr/local/bin/perl
Test-File: benchmarks/startup/noprog.b
Test-Name: How long does it take to start the interpreter
Test-Result: perlbench-results/c9d7bd1241c3/perls/385d440a4a090bc283f66a0b41fafb76/tests/20190616T142744.pb
Date: 2019-06-16 14:26:28 (14:27:44)
PerlBench-Version: 0.93
Test: benchmarks/app/podhtml.b md5:ee2f3b4f2eecc05245ef158f263d3f24
Perl: /usr/local/bin/perl 5.030000
Hostname: c9d7bd1241c3
System-Uptime: 14:27:44 up 3 days, 2:16, 0 users, load average: 0.88, 0.95, 1.00
Cycles: 6
Loop-Overhead: 1.1%
Samples: 56
Min: 0.185319
Med: 0.188008416666667
Max: 0.197640333333333
Avg: 0.188169291666667
Std-Dev: 0.00186474500502941
Date: 2019-06-16 14:27:44 (14:28:44)
PerlBench-Version: 0.93
Test: benchmarks/startup/noprog.b md5:e983ca4f46f3a89d56c58b494ea0a96f
Perl: /usr/local/bin/perl 5.030000
Hostname: c9d7bd1241c3
System-Uptime: 14:28:44 up 3 days, 2:17, 0 users, load average: 0.87, 0.93, 0.99
Cycles: 590
Loop-Overhead: 0.7%
Samples: 56
Min: 0.00168852372881356
Med: 0.0017398313559322
Max: 0.00191387118644068
Avg: 0.00175291576876513
Std-Dev: 5.39170789166944e-05
[perl] [INFO] Test clear docker image:
[perl]
Set upstream mirror to https://cdn-alt.download.clearlinux.org/update
Installed version: 29920
Version URL:       https://cdn-alt.download.clearlinux.org/update
Content URL:       https://cdn-alt.download.clearlinux.org/update
Loading required manifests...
Downloading packs (1.14 Mb) for:
 - wget
 - openssl
 - unzip
        ...1%
        ...2%
        ...4%
        ...5%
        ...7%
        ...8%
        ...10%
        ...11%
        ...12%
        ...14%
        ...15%
        ...17%
        ...18%
        ...20%
        ...21%
        ...22%
        ...24%
        ...25%
        ...27%
        ...28%
        ...30%
        ...31%
        ...33%
        ...34%
        ...35%
        ...37%
        ...38%
        ...40%
        ...41%
        ...43%
        ...44%
        ...45%
        ...47%
        ...48%
        ...50%
        ...51%
        ...53%
        ...54%
        ...56%
        ...57%
        ...58%
        ...60%
        ...61%
        ...63%
        ...64%
        ...66%
        ...67%
        ...68%
        ...70%
        ...71%
        ...73%
        ...74%
        ...76%
        ...77%
        ...79%
        ...80%
        ...81%
        ...83%
        ...84%
        ...86%
        ...87%
        ...89%
        ...90%
        ...91%
        ...93%
        ...94%
        ...96%
        ...97%
        ...99%
        ...100%

Finishing packs extraction...
No extra files need to be downloaded
Installing bundle(s) files...
        ...0%
        ...1%
        ...2%
        ...3%
        ...4%
        ...5%
        ...6%
        ...7%
        ...8%
        ...9%
        ...10%
        ...11%
        ...12%
        ...13%
        ...14%
        ...15%
        ...16%
        ...17%
        ...18%
        ...19%
        ...20%
        ...21%
        ...22%
        ...23%
        ...24%
        ...25%
        ...26%
        ...27%
        ...28%
        ...29%
        ...30%
        ...31%
        ...32%
        ...33%
        ...34%
        ...35%
        ...36%
        ...37%
        ...38%
        ...39%
        ...40%
        ...41%
        ...42%
        ...43%
        ...44%
        ...45%
        ...46%
        ...47%
        ...48%
        ...49%
        ...50%
        ...51%
        ...52%
        ...53%
        ...54%
        ...55%
        ...56%
        ...57%
        ...58%
        ...59%
        ...60%
        ...61%
        ...62%
        ...63%
        ...64%
        ...65%
        ...66%
        ...67%
        ...68%
        ...69%
        ...70%
        ...71%
        ...72%
        ...73%
        ...74%
        ...75%
        ...76%
        ...77%
        ...78%
        ...79%
        ...80%
        ...81%
        ...82%
        ...83%
        ...84%
        ...85%
        ...86%
        ...87%
        ...88%
        ...89%
        ...90%
        ...91%
        ...92%
        ...93%
        ...94%
        ...95%
        ...96%
        ...97%
        ...98%
        ...99%
        ...100%

Calling post-update helper scripts.
Successfully installed 2 bundles
--2019-06-16 14:28:50--  http://phoronix-test-suite.com/benchmark-files/perlbench-20160525.zip
Resolving phoronix-test-suite.com... 162.252.83.89
Connecting to phoronix-test-suite.com|162.252.83.89|:80... connected.
HTTP request sent, awaiting response... 200 OK
Length: 795381 (777K) [application/zip]
Saving to: 'perlbench-20160525.zip'

     0K .......... .......... .......... .......... ..........  6% 35.4K 21s
    50K .......... .......... .......... .......... .......... 12% 10.3K 43s
   100K .......... .......... .......... .......... .......... 19% 26.6K 34s
   150K .......... .......... .......... .......... .......... 25% 9.41K 39s
   200K .......... .......... .......... .......... .......... 32% 11.3K 38s
   250K .......... .......... .......... .......... .......... 38% 13.6K 34s
   300K .......... .......... .......... .......... .......... 45% 13.2K 31s
   350K .......... .......... .......... .......... .......... 51% 26.0K 26s
   400K .......... .......... .......... .......... .......... 57% 43.9K 21s
   450K .......... .......... .......... .......... .......... 64% 35.3K 16s
   500K .......... .......... .......... .......... .......... 70% 30.3K 13s
   550K .......... .......... .......... .......... .......... 77% 30.3K 10s
   600K .......... .......... .......... .......... .......... 83% 21.2K 7s
   650K .......... .......... .......... .......... .......... 90% 11.2K 4s
   700K .......... .......... .......... .......... .......... 96% 18.7K 2s
   750K .......... .......... ......                          100% 10.4K=45s

2019-06-16 14:29:37 (17.2 KB/s) - 'perlbench-20160525.zip' saved [795381/795381]

Host: 5160b050d2fe
Perl: /usr/bin/perl
Test-File: benchmarks/app/podhtml.b
Test-Name: Run pod2html on perlfunc
Test-Result: perlbench-results/5160b050d2fe/perls/bbb7fb6156d9004ddbd9195e157bf732/tests/20190616T142937.pb
Host: 5160b050d2fe
Perl: /usr/bin/perl
Test-File: benchmarks/startup/noprog.b
Test-Name: How long does it take to start the interpreter
Test-Result: perlbench-results/5160b050d2fe/perls/bbb7fb6156d9004ddbd9195e157bf732/tests/20190616T143050.pb
Date: 2019-06-16 14:29:37 (14:30:50)
PerlBench-Version: 0.93
Test: benchmarks/app/podhtml.b md5:ee2f3b4f2eecc05245ef158f263d3f24
Perl: /usr/bin/perl 5.028002
Hostname: 5160b050d2fe
System-Uptime: 14:30:50 up 3 days 2:19, 0 users, load average: 0.82, 0.84, 0.95
Cycles: 7
Loop-Overhead: 0.1%
Samples: 56
Min: 0.147832589285714
Med: 0.148600464285714
Max: 0.152370321428571
Avg: 0.148745959183674
Std-Dev: 0.000749399204230432
Date: 2019-06-16 14:30:50 (14:31:49)
PerlBench-Version: 0.93
Test: benchmarks/startup/noprog.b md5:e983ca4f46f3a89d56c58b494ea0a96f
Perl: /usr/bin/perl 5.028002
Hostname: 5160b050d2fe
System-Uptime: 14:31:49 up 3 days 2:20, 0 users, load average: 0.78, 0.82, 0.94
Cycles: 592
Loop-Overhead: -1.4%
Samples: 56
Min: 0.00170477533783784
Med: 0.00175003125
Max: 0.00189115540540541
Avg: 0.00176392465009652
Std-Dev: 4.88955671924581e-05
